Build started 27/10/2014 14:29:10.
     1>Project "C:\Users\Tom\Documents\GitHub\Assembly\Assembly\MMXADDSUB\MMXADDSUB.vcxproj" on node 2 (Build target(s)).
     1>_MASM:
         Assembling mmx.asm...
         cmd.exe /C "C:\Users\Tom\AppData\Local\Temp\tmpd7a2916737ed4c918ae53ec4f5083c37.cmd"
         ml.exe /c /nologo /Zi /Fo"Debug\mmx.obj" /W3 /errorReport:prompt  /Tammx.asm
     1>mmx.asm(1): error A2013: .MODEL must precede this directive
     1>mmx.asm(2): error A2034: must be in segment block
     1>mmx.asm(4): error A2013: .MODEL must precede this directive
     1>mmx.asm(6): error A2034: must be in segment block : mmxadd
     1>mmx.asm(7): error A2034: must be in segment block
     1>mmx.asm(8): error A2034: must be in segment block
     1>mmx.asm(9): error A2034: must be in segment block
     1>mmx.asm(10): error A2034: must be in segment block
     1>mmx.asm(11): error A2034: must be in segment block
     1>mmx.asm(12): error A2034: must be in segment block
     1>mmx.asm(13): fatal error A1010: unmatched block nesting : mmxadd
     1>C:\Program Files (x86)\MSBuild\Microsoft.Cpp\v4.0\V120\BuildCustomizations\masm.targets(50,5): error MSB3721: The command "ml.exe /c /nologo /Zi /Fo"Debug\mmx.obj" /W3 /errorReport:prompt  /Tammx.asm" exited with code 1.
     1>Done Building Project "C:\Users\Tom\Documents\GitHub\Assembly\Assembly\MMXADDSUB\MMXADDSUB.vcxproj" (Build target(s)) -- FAILED.

Build FAILED.

Time Elapsed 00:00:00.83
